********************************************************************************
DUPLICATOR-LITE PACKAGE-LOG: 19.11.2020 16:36
NOTICE: Do NOT post to public sites or forums 
********************************************************************************
VERSION:	1.3.40
WORDPRESS:	5.5.3
PHP INFO:	7.2.24-0ubuntu0.18.04.7 | SAPI: apache2handler
SERVER:		Apache/2.4.29 (Ubuntu) 
PHP TIME LIMIT: (0) no time limit imposed 
PHP MAX MEMORY: 4294967296 (-1 default) 
MEMORY STACK: 2MB

********************************************************************************
DATABASE:
********************************************************************************
BUILD MODE:   MYSQLDUMP
MYSQLTIMEOUT: 5000
MYSQLDUMP:    Is Supported
SQL CREATED: 20201119_example_a9883101717ea6c45382_20201119163632_database.sql
SQL FILE SIZE: 748.97KB (766950)
SQL FILE TIME: 2020-11-19 16:36:42
SQL RUNTIME: 0.40 sec.

********************************************************************************
ARCHIVE (ZIP):
********************************************************************************
ARCHIVE DIR:  /var/www/html/WordPress
ARCHIVE FILE: 20201119_example_a9883101717ea6c45382_20201119163632_archive.zip
FILTERS: *OFF*
DIRS:
	not set
FILES:
	not set
EXTS:  not set
----------------------------------------
COMPRESSING
SIZE:	120.39MB
STATS:	Dirs 1,203 | Files 11,431
SQL ADDED: 20201119_example_a9883101717ea6c45382_20201119163632_database.sql
ZipArchive Object
(
    [status] => 0
    [statusSys] => 0
    [numFiles] => 12634
    [filename] => /var/www/html/WordPress/wp-content/backups-dup-lite/tmp/20201119_example_a9883101717ea6c45382_20201119163632_archive.zip
    [comment] => 
)

FILE ADDED TO ZIP: 12633
COMPRESSION RESULT: '1'
COMPRESSED SIZE: 59.4MB
ARCHIVE RUNTIME: 13.79 sec.
MEMORY STACK: 6MB
building installer
add_extra_files1
add_extra_files2
add_extra_files3
add_extra_files4
Doing archive file check
add_extra_files5
add_extra_files6
add_extra_files8
Successfully opened zip /var/www/html/WordPress/wp-content/backups-dup-lite/tmp/20201119_example_a9883101717ea6c45382_20201119163632_archive.zip
Adding enhanced installer files to archive using ZipArchive
Installer files added to archive
Added to archive
After ziparchive close when adding installer

********************************************************************************
INTEGRITY CHECKS:
********************************************************************************
SQL FILE: 748.97KB
INSTALLER FILE: 61.31KB
ARCHIVE FILE: 61.05MB 
EXPECTED FILE/DIRECTORY COUNT: 12,634
ACTUAL FILE/DIRECTORY COUNT: 12,633
ARCHIVE CONSISTENCY TEST: Pass

********************************************************************************
RECORD ID:[1]
TOTAL PROCESS RUNTIME: 17.32 sec.
PEAK PHP MEMORY USED: 8MB
DONE PROCESSING => 20201119_example 19.11.2020 16:36

